<?xml version="1.0" encoding="UTF-8"?>
<!-- Generated by org.testng.reporters.JUnitXMLReporter -->
<testsuite ignored="0" hostname="DESKTOP-4U8FD87" failures="1" tests="6" name="Test" time="80.514" errors="0" timestamp="2024-03-19T12:13:23 IST">
  <testcase classname="com.store.testcases.TC_RegisterationPageTest" name="VerifyRegisteration" time="12.919"/>
  <testcase classname="com.store.testcases.TC_LoginPageTest" name="VerifyLogin" time="2.708">
    <failure type="java.lang.AssertionError" message="The following asserts failed:
	expected [true] but found [false]">
      <![CDATA[java.lang.AssertionError: The following asserts failed:
expected [true] but found [false]
at com.store.testcases.TC_LoginPageTest.VerifyLogin(TC_LoginPageTest.java:50)
at java.base/java.util.ArrayList.forEach(ArrayList.java:1596)
... Removed 27 stack frames]]>
    </failure>
  </testcase> <!-- VerifyLogin -->
  <testcase classname="com.store.testcases.TC_LoginPageTestDataDrivenTesting" name="VerifyLoginWithDataProvider" time="5.476"/>
  <testcase classname="com.store.testcases.TC_LoginPageTestDataDrivenTesting" name="VerifyLoginWithDataProvider" time="4.869"/>
  <testcase classname="com.store.testcases.TC_ProductPageTest" name="VerifySearch" time="4.34"/>
  <testcase classname="com.store.testcases.TC_ProductPageTest" name="VerifyAddToCart" time="11.053"/>
</testsuite> <!-- Test -->
